<?xml version="1.0" encoding="UTF-8"?>
<beans xmlns="http://www.springframework.org/schema/beans"
	xmlns:xsi="http://www.w3.org/2001/XMLSchema-instance"
	xmlns:mvc="http://www.springframework.org/schema/mvc"
	xmlns:p="http://www.springframework.org/schema/p"
	xsi:schemaLocation="http://www.springframework.org/schema/beans http://www.springframework.org/schema/beans/spring-beans.xsd
		http://www.springframework.org/schema/mvc http://www.springframework.org/schema/mvc/spring-mvc-4.3.xsd">
	
	<!-- 어노테이션으로(반드시!) -->
	<mvc:annotation-driven />

	<!-- /WEB-INF/view/ .jsp -->
	<mvc:view-resolvers>
		<mvc:jsp prefix="/WEB-INF/view/" suffix=".jsp" />
	</mvc:view-resolvers>
	
	<mvc:view-controller path="/index.html"/>

	<!-- controller 설정 -->
	<bean p:usersService-ref="usersService"
	 class="controller.UserController"/>
	
</beans>







